<?xml version="1.0" encoding="UTF-8"?>
<testng-results skipped="0" failed="0" ignored="0" total="1" passed="1">
  <reporter-output>
  </reporter-output>
  <suite name="Default suite" duration-ms="18573" started-at="2020-11-20T03:43:01Z" finished-at="2020-11-20T03:43:19Z">
    <groups>
    </groups>
    <test name="Default test" duration-ms="18573" started-at="2020-11-20T03:43:01Z" finished-at="2020-11-20T03:43:19Z">
      <class name="selenium.baiduTest">
        <test-method status="PASS" signature="setUp()[pri:0, instance:selenium.baiduTest@5702b3b1]" name="setUp" is-config="true" duration-ms="3285" started-at="2020-11-20T03:43:01Z" finished-at="2020-11-20T03:43:04Z">
          <reporter-output>
          </reporter-output>
        </test-method> <!-- setUp -->
        <test-method status="PASS" signature="test1()[pri:0, instance:selenium.baiduTest@5702b3b1]" name="test1" duration-ms="14677" started-at="2020-11-20T03:43:04Z" finished-at="2020-11-20T03:43:19Z">
          <reporter-output>
          </reporter-output>
        </test-method> <!-- test1 -->
        <test-method status="PASS" signature="tearDown()[pri:0, instance:selenium.baiduTest@5702b3b1]" name="tearDown" is-config="true" duration-ms="592" started-at="2020-11-20T03:43:19Z" finished-at="2020-11-20T03:43:19Z">
          <reporter-output>
          </reporter-output>
        </test-method> <!-- tearDown -->
      </class> <!-- selenium.baiduTest -->
    </test> <!-- Default test -->
  </suite> <!-- Default suite -->
</testng-results>
