<?xml version="1.0" encoding="UTF-8"?>
<!-- Generated by org.testng.reporters.JUnitXMLReporter -->
<testsuite hostname="P3914693A244" ignored="0" name="Command line test" tests="2" failures="0" timestamp="06 八月 2021 05:47:28 GMT" time="8.821" errors="0">
  <testcase name="@BeforeClass before" time="0.0" classname="selenium.onlineTest">
    <failure type="java.lang.IllegalStateException" message="Specified firefox binary location does not exist or is not a real file: D:\firefox\firefox.exe">
      <![CDATA[java.lang.IllegalStateException: Specified firefox binary location does not exist or is not a real file: D:\firefox\firefox.exe
	at com.google.common.base.Preconditions.checkState(Preconditions.java:504)
	at org.openqa.selenium.firefox.Executable.<init>(Executable.java:43)
	at org.openqa.selenium.firefox.FirefoxBinary.<init>(FirefoxBinary.java:123)
	at org.openqa.selenium.firefox.FirefoxOptions$Binary.asBinary(FirefoxOptions.java:420)
	at java.util.Optional.map(Optional.java:215)
	at org.openqa.selenium.firefox.FirefoxOptions.getBinaryOrNull(FirefoxOptions.java:220)
	at org.openqa.selenium.firefox.FirefoxOptions.getBinary(FirefoxOptions.java:216)
	at org.openqa.selenium.firefox.FirefoxDriver.toExecutor(FirefoxDriver.java:187)
	at org.openqa.selenium.firefox.FirefoxDriver.<init>(FirefoxDriver.java:147)
	at browser.Firefox.setUp(Firefox.java:27)
	at selenium.onlineTest.before(onlineTest.java:21)
... Removed 35 stack frames]]>
    </failure>
  </testcase> <!-- @BeforeClass before -->
  <testcase name="test1" time="3.884" classname="selenium.baiduTest"/>
  <testcase name="doTest" time="0.0" classname="selenium.onlineTest">
    <skipped/>
  </testcase> <!-- doTest -->
</testsuite> <!-- Command line test -->
