<?xml version="1.0" encoding="UTF-8" ?>
<testsuite tests="4" failures="1" name="TestSuite" time="9.429" errors="0" skipped="2">
  <properties>
[...]
</properties>
  <testcase classname="selenium.baiduTest" name="setUp" time="7.439">
    <failure message="拒绝访问。 (os error 5)
Build info: version: &apos;3.141.59&apos;, revision: &apos;e82be7d358&apos;, time: &apos;2018-11-14T08:25:48&apos;
System info: host: &apos;L3914693A244&apos;, ip: &apos;10.3.120.60&apos;, os.name: &apos;Windows 10&apos;, os.arch: &apos;amd64&apos;, os.version: &apos;10.0&apos;, java.version: &apos;1.8.0_151&apos;
Driver info: driver.version: FirefoxDriver
remote stacktrace: " type="org.openqa.selenium.WebDriverException">org.openqa.selenium.WebDriverException: 拒绝访问。 (os error 5)
Build info: version: &apos;3.141.59&apos;, revision: &apos;e82be7d358&apos;, time: &apos;2018-11-14T08:25:48&apos;
System info: host: &apos;L3914693A244&apos;, ip: &apos;10.3.120.60&apos;, os.name: &apos;Windows 10&apos;, os.arch: &apos;amd64&apos;, os.version: &apos;10.0&apos;, java.version: &apos;1.8.0_151&apos;
Driver info: driver.version: FirefoxDriver
remote stacktrace: 
	at sun.reflect.NativeConstructorAccessorImpl.newInstance0(Native Method)
	at sun.reflect.NativeConstructorAccessorImpl.newInstance(NativeConstructorAccessorImpl.java:62)
	at sun.reflect.DelegatingConstructorAccessorImpl.newInstance(DelegatingConstructorAccessorImpl.java:45)
	at java.lang.reflect.Constructor.newInstance(Constructor.java:423)
	at org.openqa.selenium.remote.W3CHandshakeResponse.lambda$errorHandler$0(W3CHandshakeResponse.java:62)
	at org.openqa.selenium.remote.HandshakeResponse.lambda$getResponseFunction$0(HandshakeResponse.java:30)
	at org.openqa.selenium.remote.ProtocolHandshake.lambda$createSession$0(ProtocolHandshake.java:126)
	at java.util.stream.ReferencePipeline$3$1.accept(ReferencePipeline.java:193)
	at java.util.Spliterators$ArraySpliterator.tryAdvance(Spliterators.java:958)
	at java.util.stream.ReferencePipeline.forEachWithCancel(ReferencePipeline.java:126)
	at java.util.stream.AbstractPipeline.copyIntoWithCancel(AbstractPipeline.java:498)
	at java.util.stream.AbstractPipeline.copyInto(AbstractPipeline.java:485)
	at java.util.stream.AbstractPipeline.wrapAndCopyInto(AbstractPipeline.java:471)
	at java.util.stream.FindOps$FindOp.evaluateSequential(FindOps.java:152)
	at java.util.stream.AbstractPipeline.evaluate(AbstractPipeline.java:234)
	at java.util.stream.ReferencePipeline.findFirst(ReferencePipeline.java:464)
	at org.openqa.selenium.remote.ProtocolHandshake.createSession(ProtocolHandshake.java:128)
	at org.openqa.selenium.remote.ProtocolHandshake.createSession(ProtocolHandshake.java:74)
	at org.openqa.selenium.remote.HttpCommandExecutor.execute(HttpCommandExecutor.java:136)
	at org.openqa.selenium.remote.service.DriverCommandExecutor.execute(DriverCommandExecutor.java:83)
	at org.openqa.selenium.remote.RemoteWebDriver.execute(RemoteWebDriver.java:552)
	at org.openqa.selenium.remote.RemoteWebDriver.startSession(RemoteWebDriver.java:213)
	at org.openqa.selenium.remote.RemoteWebDriver.&lt;init&gt;(RemoteWebDriver.java:131)
	at org.openqa.selenium.firefox.FirefoxDriver.&lt;init&gt;(FirefoxDriver.java:147)
	at org.openqa.selenium.firefox.FirefoxDriver.&lt;init&gt;(FirefoxDriver.java:125)
	at selenium.baiduTest.setUp(baiduTest.java:20)
</failure>
    <system-out>Configuring TestNG with: org.apache.maven.surefire.testng.conf.TestNG652Configurator@1175e2db
</system-out>
    <system-err>1605087204093	geckodriver	INFO	Listening on 127.0.0.1:4941
1605087204588	mozrunner::runner	INFO	Running command: &quot;D:/firefox/firefox.exe&quot; &quot;--marionette&quot; &quot;-foreground&quot; &quot;-no-remote&quot; &quot;-profile&quot; &quot;C:\\Users\\ZHANG~1.PEN\\AppData\\Local\\Temp\\rust_mozprofileDdPWXa&quot;
</system-err>
  </testcase>
  <testcase classname="selenium.baiduTest" name="test1" time="0">
    <skipped/>
  </testcase>
  <testcase classname="selenium.baiduTest" name="tearDown" time="0">
    <skipped/>
  </testcase>
  <testcase classname="selenium.onlineTest" name="doTest" time="1.99"/>
</testsuite>